<?xml version="1.0" encoding="UTF-8"?>
<testng-results skipped="0" failed="0" ignored="0" total="1" passed="1">
  <reporter-output>
  </reporter-output>
  <suite name="Default suite" duration-ms="939" started-at="2021-01-03T01:51:00 EST" finished-at="2021-01-03T01:51:01 EST">
    <groups>
    </groups>
    <test name="Default test" duration-ms="939" started-at="2021-01-03T01:51:00 EST" finished-at="2021-01-03T01:51:01 EST">
      <class name="datautil.MyPracticeXell">
        <test-method status="PASS" signature="readxFile()[pri:0, instance:datautil.MyPracticeXell@711f39f9]" name="readxFile" duration-ms="894" started-at="2021-01-03T01:51:01 EST" finished-at="2021-01-03T01:51:01 EST">
          <reporter-output>
          </reporter-output>
        </test-method> <!-- readxFile -->
      </class> <!-- datautil.MyPracticeXell -->
    </test> <!-- Default test -->
  </suite> <!-- Default suite -->
</testng-results>
